{"D:\\Demo\\github\\test\\normal\\vending-machine\\test.js":{"path":"D:\\Demo\\github\\test\\normal\\vending-machine\\test.js","s":{"1":1,"2":1,"3":1,"4":1,"5":1,"6":1,"7":1,"8":1,"9":1,"10":1,"11":1,"12":1,"13":1,"14":1,"15":1,"16":1},"b":{"1":[1,0],"2":[1,1],"3":[1,0],"4":[1,1]},"f":{"1":1,"2":1,"3":1},"fnMap":{"1":{"name":"(anonymous_1)","line":8,"loc":{"start":{"line":8,"column":58},"end":{"line":8,"column":76}}},"2":{"name":"(anonymous_2)","line":12,"loc":{"start":{"line":12,"column":58},"end":{"line":12,"column":76}}},"3":{"name":"(anonymous_3)","line":16,"loc":{"start":{"line":16,"column":73},"end":{"line":16,"column":91}}}},"statementMap":{"1":{"start":{"line":1,"column":0},"end":{"line":7,"column":1}},"2":{"start":{"line":2,"column":2},"end":{"line":2,"column":32}},"3":{"start":{"line":4,"column":2},"end":{"line":4,"column":23}},"4":{"start":{"line":5,"column":2},"end":{"line":5,"column":42}},"5":{"start":{"line":6,"column":2},"end":{"line":6,"column":40}},"6":{"start":{"line":8,"column":0},"end":{"line":11,"column":2}},"7":{"start":{"line":9,"column":2},"end":{"line":9,"column":34}},"8":{"start":{"line":10,"column":2},"end":{"line":10,"column":43}},"9":{"start":{"line":12,"column":0},"end":{"line":15,"column":2}},"10":{"start":{"line":13,"column":2},"end":{"line":13,"column":34}},"11":{"start":{"line":14,"column":2},"end":{"line":14,"column":43}},"12":{"start":{"line":16,"column":0},"end":{"line":19,"column":2}},"13":{"start":{"line":17,"column":2},"end":{"line":17,"column":33}},"14":{"start":{"line":18,"column":2},"end":{"line":18,"column":59}},"15":{"start":{"line":20,"column":0},"end":{"line":22,"column":1}},"16":{"start":{"line":21,"column":2},"end":{"line":21,"column":14}}},"branchMap":{"1":{"line":1,"type":"if","locations":[{"start":{"line":1,"column":0},"end":{"line":1,"column":0}},{"start":{"line":1,"column":0},"end":{"line":1,"column":0}}]},"2":{"line":1,"type":"binary-expr","locations":[{"start":{"line":1,"column":4},"end":{"line":1,"column":33}},{"start":{"line":1,"column":37},"end":{"line":1,"column":51}}]},"3":{"line":20,"type":"if","locations":[{"start":{"line":20,"column":0},"end":{"line":20,"column":0}},{"start":{"line":20,"column":0},"end":{"line":20,"column":0}}]},"4":{"line":20,"type":"binary-expr","locations":[{"start":{"line":20,"column":4},"end":{"line":20,"column":33}},{"start":{"line":20,"column":37},"end":{"line":20,"column":51}}]}}},"D:\\Demo\\github\\test\\normal\\vending-machine\\change.js":{"path":"D:\\Demo\\github\\test\\normal\\vending-machine\\change.js","s":{"1":1,"2":1,"3":1,"4":1,"5":3,"6":3,"7":3,"8":16,"9":75,"10":16,"11":16,"12":3},"b":{"1":[1,0],"2":[1,1]},"f":{"1":3},"fnMap":{"1":{"name":"getChange","line":5,"loc":{"start":{"line":5,"column":0},"end":{"line":5,"column":44}}}},"statementMap":{"1":{"start":{"line":1,"column":0},"end":{"line":3,"column":1}},"2":{"start":{"line":2,"column":2},"end":{"line":2,"column":28}},"3":{"start":{"line":4,"column":0},"end":{"line":4,"column":43}},"4":{"start":{"line":5,"column":0},"end":{"line":14,"column":1}},"5":{"start":{"line":6,"column":2},"end":{"line":6,"column":42}},"6":{"start":{"line":7,"column":2},"end":{"line":7,"column":17}},"7":{"start":{"line":8,"column":2},"end":{"line":12,"column":3}},"8":{"start":{"line":9,"column":4},"end":{"line":9,"column":50}},"9":{"start":{"line":9,"column":34},"end":{"line":9,"column":49}},"10":{"start":{"line":10,"column":4},"end":{"line":10,"column":24}},"11":{"start":{"line":11,"column":4},"end":{"line":11,"column":25}},"12":{"start":{"line":13,"column":2},"end":{"line":13,"column":15}}},"branchMap":{"1":{"line":1,"type":"if","locations":[{"start":{"line":1,"column":0},"end":{"line":1,"column":0}},{"start":{"line":1,"column":0},"end":{"line":1,"column":0}}]},"2":{"line":1,"type":"binary-expr","locations":[{"start":{"line":1,"column":4},"end":{"line":1,"column":33}},{"start":{"line":1,"column":37},"end":{"line":1,"column":51}}]}}}}