TN:
SF:D:\Demo\github\test\normal\vending-machine\test.js
FN:8,(anonymous_1)
FN:12,(anonymous_2)
FN:16,(anonymous_3)
FNF:3
FNH:3
FNDA:1,(anonymous_1)
FNDA:1,(anonymous_2)
FNDA:1,(anonymous_3)
DA:1,1
DA:2,1
DA:4,1
DA:5,1
DA:6,1
DA:8,1
DA:9,1
DA:10,1
DA:12,1
DA:13,1
DA:14,1
DA:16,1
DA:17,1
DA:18,1
DA:20,1
DA:21,1
LF:16
LH:16
BRDA:1,1,0,1
BRDA:1,1,1,0
BRDA:1,2,0,1
BRDA:1,2,1,1
BRDA:20,3,0,1
BRDA:20,3,1,0
BRDA:20,4,0,1
BRDA:20,4,1,1
BRF:8
BRH:6
end_of_record
TN:
SF:D:\Demo\github\test\normal\vending-machine\change.js
FN:5,getChange
FNF:1
FNH:1
FNDA:3,getChange
DA:1,1
DA:2,1
DA:4,1
DA:5,1
DA:6,3
DA:7,3
DA:8,3
DA:9,75
DA:10,16
DA:11,16
DA:13,3
LF:11
LH:11
BRDA:1,1,0,1
BRDA:1,1,1,0
BRDA:1,2,0,1
BRDA:1,2,1,1
BRF:4
BRH:3
end_of_record
